
> rovert_s_application@0.0.0 dev
> vite


  VITE v6.4.1  ready in 600 ms

  ➜  Local:   http://localhost:4028/
  ➜  Network: http://192.168.0.2:4028/
Assets in public directory cannot be imported from JavaScript.
If you intend to import that asset, put the file in the src directory, and use /src/images/millesimeImperial.png instead of /public/images/millesimeImperial.png.
If you intend to use the URL of that asset, use /images/millesimeImperial.png?url.
Assets in public directory cannot be imported from JavaScript.
If you intend to import that asset, put the file in the src directory, and use /src/images/amberNocturne1.png instead of /public/images/amberNocturne1.png.
If you intend to use the URL of that asset, use /images/amberNocturne1.png?url.
Assets in public directory cannot be imported from JavaScript.
If you intend to import that asset, put the file in the src directory, and use /src/images/Export.png instead of /public/images/Export.png.
If you intend to use the URL of that asset, use /images/Export.png?url.
Assets in public directory cannot be imported from JavaScript.
If you intend to import that asset, put the file in the src directory, and use /src/images/Export2.png instead of /public/images/Export2.png.
If you intend to use the URL of that asset, use /images/Export2.png?url.
Assets in public directory cannot be imported from JavaScript.
If you intend to import that asset, put the file in the src directory, and use /src/images/Export3.png instead of /public/images/Export3.png.
If you intend to use the URL of that asset, use /images/Export3.png?url.
Assets in public directory cannot be imported from JavaScript.
If you intend to import that asset, put the file in the src directory, and use /src/images/LeafImage.png instead of /public/images/LeafImage.png.
If you intend to use the URL of that asset, use /images/LeafImage.png?url.
Assets in public directory cannot be imported from JavaScript.
If you intend to import that asset, put the file in the src directory, and use /src/images/Rectangle 58.png instead of /public/images/Rectangle 58.png.
If you intend to use the URL of that asset, use /images/Rectangle 58.png?url.
Assets in public directory cannot be imported from JavaScript.
If you intend to import that asset, put the file in the src directory, and use /src/images/amberNocturne1.png instead of /public/images/amberNocturne1.png.
If you intend to use the URL of that asset, use /images/amberNocturne1.png?url.
Assets in public directory cannot be imported from JavaScript.
If you intend to import that asset, put the file in the src directory, and use /src/images/millesimeImperial.png instead of /public/images/millesimeImperial.png.
If you intend to use the URL of that asset, use /images/millesimeImperial.png?url.
Assets in public directory cannot be imported from JavaScript.
If you intend to import that asset, put the file in the src directory, and use /src/images/Export.png instead of /public/images/Export.png.
If you intend to use the URL of that asset, use /images/Export.png?url.
Assets in public directory cannot be imported from JavaScript.
If you intend to import that asset, put the file in the src directory, and use /src/images/Export2.png instead of /public/images/Export2.png.
If you intend to use the URL of that asset, use /images/Export2.png?url.
Assets in public directory cannot be imported from JavaScript.
If you intend to import that asset, put the file in the src directory, and use /src/images/Export3.png instead of /public/images/Export3.png.
If you intend to use the URL of that asset, use /images/Export3.png?url.
Assets in public directory cannot be imported from JavaScript.
If you intend to import that asset, put the file in the src directory, and use /src/images/LeafImage.png instead of /public/images/LeafImage.png.
If you intend to use the URL of that asset, use /images/LeafImage.png?url.
Assets in public directory cannot be imported from JavaScript.
If you intend to import that asset, put the file in the src directory, and use /src/images/Rectangle 58.png instead of /public/images/Rectangle 58.png.
If you intend to use the URL of that asset, use /images/Rectangle 58.png?url.
